  BlackHoleRoom.cpp
D:\VisualStudioProjects\git\guacamole\371Project\InteractiveMuseum\BlackHoleRoom.cpp(20,35): warning C4244: 'initializing': conversion from 'double' to 'float', possible loss of data
D:\VisualStudioProjects\git\guacamole\371Project\InteractiveMuseum\BlackHoleRoom.cpp(21,34): warning C4244: 'initializing': conversion from 'double' to 'float', possible loss of data
D:\VisualStudioProjects\git\guacamole\371Project\InteractiveMuseum\BlackHoleRoom.cpp(22,35): warning C4244: 'initializing': conversion from 'double' to 'float', possible loss of data
D:\VisualStudioProjects\git\guacamole\371Project\InteractiveMuseum\BlackHoleRoom.cpp(23,34): warning C4244: 'initializing': conversion from 'double' to 'float', possible loss of data
D:\VisualStudioProjects\git\guacamole\371Project\InteractiveMuseum\BlackHoleRoom.cpp(54,75): warning C4244: 'argument': conversion from 'double' to 'float', possible loss of data
  main.cpp
D:\VisualStudioProjects\git\guacamole\371Project\InteractiveMuseum\ArtifactRoomScene.cpp(14,35): warning C4244: 'initializing': conversion from 'double' to 'float', possible loss of data
D:\VisualStudioProjects\git\guacamole\371Project\InteractiveMuseum\ArtifactRoomScene.cpp(15,34): warning C4244: 'initializing': conversion from 'double' to 'float', possible loss of data
D:\VisualStudioProjects\git\guacamole\371Project\InteractiveMuseum\ArtifactRoomScene.cpp(16,35): warning C4244: 'initializing': conversion from 'double' to 'float', possible loss of data
D:\VisualStudioProjects\git\guacamole\371Project\InteractiveMuseum\ArtifactRoomScene.cpp(17,34): warning C4244: 'initializing': conversion from 'double' to 'float', possible loss of data
D:\VisualStudioProjects\git\guacamole\371Project\InteractiveMuseum\ArtifactRoomScene.cpp(65,72): warning C4244: 'argument': conversion from 'double' to 'float', possible loss of data
D:\VisualStudioProjects\git\guacamole\371Project\InteractiveMuseum\BlackHoleRoom.cpp(20,35): warning C4244: 'initializing': conversion from 'double' to 'float', possible loss of data
D:\VisualStudioProjects\git\guacamole\371Project\InteractiveMuseum\BlackHoleRoom.cpp(21,34): warning C4244: 'initializing': conversion from 'double' to 'float', possible loss of data
D:\VisualStudioProjects\git\guacamole\371Project\InteractiveMuseum\BlackHoleRoom.cpp(22,35): warning C4244: 'initializing': conversion from 'double' to 'float', possible loss of data
D:\VisualStudioProjects\git\guacamole\371Project\InteractiveMuseum\BlackHoleRoom.cpp(23,34): warning C4244: 'initializing': conversion from 'double' to 'float', possible loss of data
D:\VisualStudioProjects\git\guacamole\371Project\InteractiveMuseum\BlackHoleRoom.cpp(54,75): warning C4244: 'argument': conversion from 'double' to 'float', possible loss of data
D:\VisualStudioProjects\git\guacamole\371Project\InteractiveMuseum\main.cpp(32,32): warning C4305: 'initializing': truncation from 'double' to 'float'
D:\VisualStudioProjects\git\guacamole\371Project\InteractiveMuseum\main.cpp(51,57): warning C4244: 'argument': conversion from 'float' to 'int', possible loss of data
D:\VisualStudioProjects\git\guacamole\371Project\InteractiveMuseum\main.cpp(51,43): warning C4244: 'argument': conversion from 'float' to 'int', possible loss of data
D:\VisualStudioProjects\git\guacamole\371Project\InteractiveMuseum\main.cpp(103,22): warning C4244: '=': conversion from 'double' to 'float', possible loss of data
D:\VisualStudioProjects\git\guacamole\371Project\InteractiveMuseum\main.cpp(83,16): warning C4101: 'height': unreferenced local variable
D:\VisualStudioProjects\git\guacamole\371Project\InteractiveMuseum\main.cpp(83,9): warning C4101: 'width': unreferenced local variable
D:\VisualStudioProjects\git\guacamole\371Project\InteractiveMuseum\main.cpp(129,15): warning C4101: 'transform': unreferenced local variable
  Generating Code...
  371Project.vcxproj -> D:\VisualStudioProjects\git\guacamole\371Project\Debug\371Project.exe
